{"/home/rajesh/Desktop/Icp_hub/frontend/src/App.jsx": {"path":"/home/rajesh/Desktop/Icp_hub/frontend/src/App.jsx","statementMap":{"0":{"start":{"line":18,"column":48},"end":{"line":18,"column":63}},"1":{"start":{"line":19,"column":36},"end":{"line":19,"column":50}},"2":{"start":{"line":20,"column":36},"end":{"line":20,"column":50}},"3":{"start":{"line":22,"column":2},"end":{"line":36,"column":8}},"4":{"start":{"line":23,"column":22},"end":{"line":33,"column":5}},"5":{"start":{"line":24,"column":6},"end":{"line":32,"column":7}},"6":{"start":{"line":25,"column":8},"end":{"line":25,"column":32}},"7":{"start":{"line":26,"column":8},"end":{"line":26,"column":60}},"8":{"start":{"line":27,"column":8},"end":{"line":27,"column":48}},"9":{"start":{"line":29,"column":8},"end":{"line":29,"column":50}},"10":{"start":{"line":31,"column":8},"end":{"line":31,"column":27}},"11":{"start":{"line":35,"column":4},"end":{"line":35,"column":15}},"12":{"start":{"line":38,"column":2},"end":{"line":47,"column":3}},"13":{"start":{"line":39,"column":4},"end":{"line":46,"column":5}},"14":{"start":{"line":49,"column":2},"end":{"line":67,"column":3}}},"fnMap":{"0":{"name":"App","decl":{"start":{"line":17,"column":9},"end":{"line":17,"column":12}},"loc":{"start":{"line":17,"column":15},"end":{"line":68,"column":1}},"line":17},"1":{"name":"(anonymous_1)","decl":{"start":{"line":22,"column":12},"end":{"line":22,"column":13}},"loc":{"start":{"line":22,"column":18},"end":{"line":36,"column":3}},"line":22},"2":{"name":"(anonymous_2)","decl":{"start":{"line":23,"column":22},"end":{"line":23,"column":23}},"loc":{"start":{"line":23,"column":34},"end":{"line":33,"column":5}},"line":23}},"branchMap":{"0":{"loc":{"start":{"line":38,"column":2},"end":{"line":47,"column":3}},"type":"if","locations":[{"start":{"line":38,"column":2},"end":{"line":47,"column":3}},{"start":{},"end":{}}],"line":38}},"s":{"0":2,"1":2,"2":2,"3":2,"4":1,"5":1,"6":1,"7":1,"8":1,"9":0,"10":1,"11":1,"12":2,"13":1,"14":1},"f":{"0":2,"1":1,"2":1},"b":{"0":[1,1]},"_coverageSchema":"1a1c01bbd47fc00a2c39e90264f33305004495a9","hash":"b841320f71e893d73cb5b49f74520051cfc22007"}
,"/home/rajesh/Desktop/Icp_hub/frontend/src/components/Footer.jsx": {"path":"/home/rajesh/Desktop/Icp_hub/frontend/src/components/Footer.jsx","statementMap":{"0":{"start":{"line":4,"column":15},"end":{"line":84,"column":1}},"1":{"start":{"line":5,"column":2},"end":{"line":83,"column":3}}},"fnMap":{"0":{"name":"(anonymous_0)","decl":{"start":{"line":4,"column":15},"end":{"line":4,"column":16}},"loc":{"start":{"line":4,"column":21},"end":{"line":84,"column":1}},"line":4}},"branchMap":{},"s":{"0":2,"1":2},"f":{"0":2},"b":{},"_coverageSchema":"1a1c01bbd47fc00a2c39e90264f33305004495a9","hash":"4124fbd134f6685ff90c1492c7bfca5f13b21a84"}
,"/home/rajesh/Desktop/Icp_hub/frontend/src/components/Header.jsx": {"path":"/home/rajesh/Desktop/Icp_hub/frontend/src/components/Header.jsx","statementMap":{"0":{"start":{"line":8,"column":15},"end":{"line":224,"column":1}},"1":{"start":{"line":9,"column":38},"end":{"line":9,"column":53}},"2":{"start":{"line":10,"column":50},"end":{"line":10,"column":65}},"3":{"start":{"line":11,"column":48},"end":{"line":11,"column":63}},"4":{"start":{"line":12,"column":36},"end":{"line":12,"column":50}},"5":{"start":{"line":13,"column":50},"end":{"line":13,"column":65}},"6":{"start":{"line":14,"column":56},"end":{"line":14,"column":68}},"7":{"start":{"line":15,"column":19},"end":{"line":15,"column":32}},"8":{"start":{"line":17,"column":2},"end":{"line":29,"column":8}},"9":{"start":{"line":18,"column":22},"end":{"line":26,"column":5}},"10":{"start":{"line":19,"column":6},"end":{"line":25,"column":7}},"11":{"start":{"line":20,"column":8},"end":{"line":20,"column":32}},"12":{"start":{"line":21,"column":8},"end":{"line":21,"column":60}},"13":{"start":{"line":22,"column":8},"end":{"line":22,"column":48}},"14":{"start":{"line":24,"column":8},"end":{"line":24,"column":50}},"15":{"start":{"line":28,"column":4},"end":{"line":28,"column":15}},"16":{"start":{"line":31,"column":22},"end":{"line":41,"column":3}},"17":{"start":{"line":32,"column":4},"end":{"line":40,"column":5}},"18":{"start":{"line":33,"column":6},"end":{"line":33,"column":31}},"19":{"start":{"line":34,"column":6},"end":{"line":34,"column":30}},"20":{"start":{"line":35,"column":6},"end":{"line":35,"column":46}},"21":{"start":{"line":36,"column":6},"end":{"line":36,"column":32}},"22":{"start":{"line":37,"column":6},"end":{"line":37,"column":50}},"23":{"start":{"line":39,"column":6},"end":{"line":39,"column":64}},"24":{"start":{"line":43,"column":23},"end":{"line":52,"column":3}},"25":{"start":{"line":44,"column":4},"end":{"line":51,"column":5}},"26":{"start":{"line":45,"column":6},"end":{"line":45,"column":32}},"27":{"start":{"line":46,"column":6},"end":{"line":46,"column":31}},"28":{"start":{"line":47,"column":6},"end":{"line":47,"column":24}},"29":{"start":{"line":48,"column":6},"end":{"line":48,"column":56}},"30":{"start":{"line":50,"column":6},"end":{"line":50,"column":46}},"31":{"start":{"line":54,"column":34},"end":{"line":58,"column":3}},"32":{"start":{"line":55,"column":4},"end":{"line":55,"column":35}},"33":{"start":{"line":56,"column":4},"end":{"line":56,"column":29}},"34":{"start":{"line":57,"column":4},"end":{"line":57,"column":54}},"35":{"start":{"line":57,"column":21},"end":{"line":57,"column":47}},"36":{"start":{"line":60,"column":2},"end":{"line":223,"column":3}},"37":{"start":{"line":121,"column":31},"end":{"line":121,"column":56}},"38":{"start":{"line":132,"column":29},"end":{"line":132,"column":55}},"39":{"start":{"line":147,"column":31},"end":{"line":147,"column":51}},"40":{"start":{"line":154,"column":31},"end":{"line":154,"column":51}},"41":{"start":{"line":161,"column":31},"end":{"line":161,"column":51}},"42":{"start":{"line":170,"column":35},"end":{"line":170,"column":55}},"43":{"start":{"line":177,"column":35},"end":{"line":177,"column":55}},"44":{"start":{"line":183,"column":22},"end":{"line":183,"column":36}},"45":{"start":{"line":184,"column":22},"end":{"line":184,"column":42}},"46":{"start":{"line":195,"column":20},"end":{"line":195,"column":45}},"47":{"start":{"line":196,"column":20},"end":{"line":196,"column":40}},"48":{"start":{"line":211,"column":23},"end":{"line":211,"column":49}},"49":{"start":{"line":219,"column":25},"end":{"line":219,"column":51}}},"fnMap":{"0":{"name":"(anonymous_0)","decl":{"start":{"line":8,"column":15},"end":{"line":8,"column":16}},"loc":{"start":{"line":8,"column":21},"end":{"line":224,"column":1}},"line":8},"1":{"name":"(anonymous_1)","decl":{"start":{"line":17,"column":12},"end":{"line":17,"column":13}},"loc":{"start":{"line":17,"column":18},"end":{"line":29,"column":3}},"line":17},"2":{"name":"(anonymous_2)","decl":{"start":{"line":18,"column":22},"end":{"line":18,"column":23}},"loc":{"start":{"line":18,"column":34},"end":{"line":26,"column":5}},"line":18},"3":{"name":"(anonymous_3)","decl":{"start":{"line":31,"column":22},"end":{"line":31,"column":23}},"loc":{"start":{"line":31,"column":34},"end":{"line":41,"column":3}},"line":31},"4":{"name":"(anonymous_4)","decl":{"start":{"line":43,"column":23},"end":{"line":43,"column":24}},"loc":{"start":{"line":43,"column":35},"end":{"line":52,"column":3}},"line":43},"5":{"name":"(anonymous_5)","decl":{"start":{"line":54,"column":34},"end":{"line":54,"column":35}},"loc":{"start":{"line":54,"column":47},"end":{"line":58,"column":3}},"line":54},"6":{"name":"(anonymous_6)","decl":{"start":{"line":57,"column":15},"end":{"line":57,"column":16}},"loc":{"start":{"line":57,"column":21},"end":{"line":57,"column":47}},"line":57},"7":{"name":"(anonymous_7)","decl":{"start":{"line":121,"column":25},"end":{"line":121,"column":26}},"loc":{"start":{"line":121,"column":31},"end":{"line":121,"column":56}},"line":121},"8":{"name":"(anonymous_8)","decl":{"start":{"line":132,"column":23},"end":{"line":132,"column":24}},"loc":{"start":{"line":132,"column":29},"end":{"line":132,"column":55}},"line":132},"9":{"name":"(anonymous_9)","decl":{"start":{"line":147,"column":25},"end":{"line":147,"column":26}},"loc":{"start":{"line":147,"column":31},"end":{"line":147,"column":51}},"line":147},"10":{"name":"(anonymous_10)","decl":{"start":{"line":154,"column":25},"end":{"line":154,"column":26}},"loc":{"start":{"line":154,"column":31},"end":{"line":154,"column":51}},"line":154},"11":{"name":"(anonymous_11)","decl":{"start":{"line":161,"column":25},"end":{"line":161,"column":26}},"loc":{"start":{"line":161,"column":31},"end":{"line":161,"column":51}},"line":161},"12":{"name":"(anonymous_12)","decl":{"start":{"line":170,"column":29},"end":{"line":170,"column":30}},"loc":{"start":{"line":170,"column":35},"end":{"line":170,"column":55}},"line":170},"13":{"name":"(anonymous_13)","decl":{"start":{"line":177,"column":29},"end":{"line":177,"column":30}},"loc":{"start":{"line":177,"column":35},"end":{"line":177,"column":55}},"line":177},"14":{"name":"(anonymous_14)","decl":{"start":{"line":182,"column":29},"end":{"line":182,"column":30}},"loc":{"start":{"line":182,"column":35},"end":{"line":185,"column":21}},"line":182},"15":{"name":"(anonymous_15)","decl":{"start":{"line":194,"column":27},"end":{"line":194,"column":28}},"loc":{"start":{"line":194,"column":33},"end":{"line":197,"column":19}},"line":194},"16":{"name":"(anonymous_16)","decl":{"start":{"line":211,"column":17},"end":{"line":211,"column":18}},"loc":{"start":{"line":211,"column":23},"end":{"line":211,"column":49}},"line":211},"17":{"name":"(anonymous_17)","decl":{"start":{"line":219,"column":19},"end":{"line":219,"column":20}},"loc":{"start":{"line":219,"column":25},"end":{"line":219,"column":51}},"line":219}},"branchMap":{"0":{"loc":{"start":{"line":83,"column":13},"end":{"line":92,"column":13}},"type":"binary-expr","locations":[{"start":{"line":83,"column":13},"end":{"line":83,"column":28}},{"start":{"line":84,"column":14},"end":{"line":91,"column":17}}],"line":83},"1":{"loc":{"start":{"line":97,"column":13},"end":{"line":126,"column":13}},"type":"cond-expr","locations":[{"start":{"line":98,"column":14},"end":{"line":118,"column":17}},{"start":{"line":120,"column":14},"end":{"line":125,"column":23}}],"line":97},"2":{"loc":{"start":{"line":108,"column":21},"end":{"line":108,"column":93}},"type":"cond-expr","locations":[{"start":{"line":108,"column":33},"end":{"line":108,"column":84}},{"start":{"line":108,"column":87},"end":{"line":108,"column":93}}],"line":108},"3":{"loc":{"start":{"line":135,"column":15},"end":{"line":135,"column":84}},"type":"cond-expr","locations":[{"start":{"line":135,"column":28},"end":{"line":135,"column":53}},{"start":{"line":135,"column":56},"end":{"line":135,"column":84}}],"line":135},"4":{"loc":{"start":{"line":141,"column":9},"end":{"line":205,"column":9}},"type":"binary-expr","locations":[{"start":{"line":141,"column":9},"end":{"line":141,"column":19}},{"start":{"line":142,"column":10},"end":{"line":204,"column":16}}],"line":141},"5":{"loc":{"start":{"line":165,"column":15},"end":{"line":202,"column":15}},"type":"cond-expr","locations":[{"start":{"line":166,"column":16},"end":{"line":191,"column":19}},{"start":{"line":193,"column":16},"end":{"line":201,"column":25}}],"line":165},"6":{"loc":{"start":{"line":216,"column":7},"end":{"line":221,"column":7}},"type":"binary-expr","locations":[{"start":{"line":216,"column":7},"end":{"line":216,"column":23}},{"start":{"line":217,"column":8},"end":{"line":220,"column":10}}],"line":216}},"s":{"0":6,"1":14,"2":14,"3":14,"4":14,"5":14,"6":14,"7":14,"8":14,"9":8,"10":8,"11":8,"12":8,"13":8,"14":0,"15":8,"16":14,"17":0,"18":0,"19":0,"20":0,"21":0,"22":0,"23":0,"24":14,"25":0,"26":0,"27":0,"28":0,"29":0,"30":0,"31":14,"32":0,"33":0,"34":0,"35":0,"36":14,"37":0,"38":2,"39":0,"40":0,"41":0,"42":0,"43":0,"44":0,"45":0,"46":0,"47":0,"48":0,"49":0},"f":{"0":14,"1":8,"2":8,"3":0,"4":0,"5":0,"6":0,"7":0,"8":2,"9":0,"10":0,"11":0,"12":0,"13":0,"14":0,"15":0,"16":0,"17":0},"b":{"0":[14,4],"1":[4,10],"2":[4,0],"3":[1,13],"4":[14,1],"5":[0,1],"6":[14,0]},"_coverageSchema":"1a1c01bbd47fc00a2c39e90264f33305004495a9","hash":"0ceb74dda810e36e3377bce9fcf35ee5f49b5693"}
,"/home/rajesh/Desktop/Icp_hub/frontend/src/components/Notification.jsx": {"path":"/home/rajesh/Desktop/Icp_hub/frontend/src/components/Notification.jsx","statementMap":{"0":{"start":{"line":4,"column":21},"end":{"line":42,"column":1}},"1":{"start":{"line":5,"column":2},"end":{"line":10,"column":15}},"2":{"start":{"line":6,"column":18},"end":{"line":8,"column":12}},"3":{"start":{"line":7,"column":6},"end":{"line":7,"column":15}},"4":{"start":{"line":9,"column":4},"end":{"line":9,"column":36}},"5":{"start":{"line":9,"column":17},"end":{"line":9,"column":36}},"6":{"start":{"line":12,"column":18},"end":{"line":22,"column":3}},"7":{"start":{"line":13,"column":4},"end":{"line":21,"column":5}},"8":{"start":{"line":15,"column":8},"end":{"line":15,"column":59}},"9":{"start":{"line":17,"column":8},"end":{"line":17,"column":66}},"10":{"start":{"line":20,"column":8},"end":{"line":20,"column":65}},"11":{"start":{"line":24,"column":2},"end":{"line":41,"column":3}}},"fnMap":{"0":{"name":"(anonymous_0)","decl":{"start":{"line":4,"column":21},"end":{"line":4,"column":22}},"loc":{"start":{"line":4,"column":65},"end":{"line":42,"column":1}},"line":4},"1":{"name":"(anonymous_1)","decl":{"start":{"line":5,"column":12},"end":{"line":5,"column":13}},"loc":{"start":{"line":5,"column":18},"end":{"line":10,"column":3}},"line":5},"2":{"name":"(anonymous_2)","decl":{"start":{"line":6,"column":29},"end":{"line":6,"column":30}},"loc":{"start":{"line":6,"column":35},"end":{"line":8,"column":5}},"line":6},"3":{"name":"(anonymous_3)","decl":{"start":{"line":9,"column":11},"end":{"line":9,"column":12}},"loc":{"start":{"line":9,"column":17},"end":{"line":9,"column":36}},"line":9},"4":{"name":"(anonymous_4)","decl":{"start":{"line":12,"column":18},"end":{"line":12,"column":19}},"loc":{"start":{"line":12,"column":24},"end":{"line":22,"column":3}},"line":12}},"branchMap":{"0":{"loc":{"start":{"line":4,"column":33},"end":{"line":4,"column":49}},"type":"default-arg","locations":[{"start":{"line":4,"column":40},"end":{"line":4,"column":49}}],"line":4},"1":{"loc":{"start":{"line":13,"column":4},"end":{"line":21,"column":5}},"type":"switch","locations":[{"start":{"line":14,"column":6},"end":{"line":15,"column":59}},{"start":{"line":16,"column":6},"end":{"line":17,"column":66}},{"start":{"line":18,"column":6},"end":{"line":18,"column":21}},{"start":{"line":19,"column":6},"end":{"line":20,"column":65}}],"line":13}},"s":{"0":7,"1":1,"2":1,"3":0,"4":1,"5":1,"6":1,"7":1,"8":0,"9":0,"10":1,"11":1},"f":{"0":1,"1":1,"2":0,"3":1,"4":1},"b":{"0":[1],"1":[0,0,1,1]},"_coverageSchema":"1a1c01bbd47fc00a2c39e90264f33305004495a9","hash":"bd9129b2ae235c5c0dbfef41f27973ae3d6dcb58"}
,"/home/rajesh/Desktop/Icp_hub/frontend/src/components/Auth/LoginModal.jsx": {"path":"/home/rajesh/Desktop/Icp_hub/frontend/src/components/Auth/LoginModal.jsx","statementMap":{"0":{"start":{"line":3,"column":19},"end":{"line":37,"column":1}},"1":{"start":{"line":4,"column":2},"end":{"line":4,"column":27}},"2":{"start":{"line":4,"column":15},"end":{"line":4,"column":27}},"3":{"start":{"line":6,"column":2},"end":{"line":36,"column":4}}},"fnMap":{"0":{"name":"(anonymous_0)","decl":{"start":{"line":3,"column":19},"end":{"line":3,"column":20}},"loc":{"start":{"line":3,"column":53},"end":{"line":37,"column":1}},"line":3}},"branchMap":{"0":{"loc":{"start":{"line":4,"column":2},"end":{"line":4,"column":27}},"type":"if","locations":[{"start":{"line":4,"column":2},"end":{"line":4,"column":27}},{"start":{},"end":{}}],"line":4}},"s":{"0":7,"1":15,"2":14,"3":1},"f":{"0":15},"b":{"0":[14,1]},"_coverageSchema":"1a1c01bbd47fc00a2c39e90264f33305004495a9","hash":"9a519b22e4b91498f09628ce3a222528d91e70da"}
,"/home/rajesh/Desktop/Icp_hub/frontend/src/components/Governance/ProposalDetail.jsx": {"path":"/home/rajesh/Desktop/Icp_hub/frontend/src/components/Governance/ProposalDetail.jsx","statementMap":{"0":{"start":{"line":4,"column":26},"end":{"line":4,"column":40}},"1":{"start":{"line":5,"column":2},"end":{"line":5,"column":29}},"2":{"start":{"line":5,"column":17},"end":{"line":5,"column":29}},"3":{"start":{"line":6,"column":2},"end":{"line":18,"column":4}},"4":{"start":{"line":13,"column":138},"end":{"line":13,"column":152}},"5":{"start":{"line":14,"column":139},"end":{"line":14,"column":157}},"6":{"start":{"line":16,"column":105},"end":{"line":16,"column":117}}},"fnMap":{"0":{"name":"ProposalDetail","decl":{"start":{"line":3,"column":24},"end":{"line":3,"column":38}},"loc":{"start":{"line":3,"column":69},"end":{"line":19,"column":1}},"line":3},"1":{"name":"(anonymous_1)","decl":{"start":{"line":13,"column":132},"end":{"line":13,"column":133}},"loc":{"start":{"line":13,"column":138},"end":{"line":13,"column":152}},"line":13},"2":{"name":"(anonymous_2)","decl":{"start":{"line":14,"column":133},"end":{"line":14,"column":134}},"loc":{"start":{"line":14,"column":139},"end":{"line":14,"column":157}},"line":14},"3":{"name":"(anonymous_3)","decl":{"start":{"line":16,"column":99},"end":{"line":16,"column":100}},"loc":{"start":{"line":16,"column":105},"end":{"line":16,"column":117}},"line":16}},"branchMap":{"0":{"loc":{"start":{"line":5,"column":2},"end":{"line":5,"column":29}},"type":"if","locations":[{"start":{"line":5,"column":2},"end":{"line":5,"column":29}},{"start":{},"end":{}}],"line":5},"1":{"loc":{"start":{"line":13,"column":48},"end":{"line":13,"column":119}},"type":"cond-expr","locations":[{"start":{"line":13,"column":65},"end":{"line":13,"column":89}},{"start":{"line":13,"column":92},"end":{"line":13,"column":119}}],"line":13},"2":{"loc":{"start":{"line":14,"column":48},"end":{"line":14,"column":120}},"type":"cond-expr","locations":[{"start":{"line":14,"column":69},"end":{"line":14,"column":92}},{"start":{"line":14,"column":95},"end":{"line":14,"column":120}}],"line":14}},"s":{"0":3,"1":3,"2":0,"3":3,"4":1,"5":0,"6":1},"f":{"0":3,"1":1,"2":0,"3":1},"b":{"0":[0,3],"1":[1,2],"2":[0,3]},"_coverageSchema":"1a1c01bbd47fc00a2c39e90264f33305004495a9","hash":"88343e4bd62da501a6a4281e4da0e31ba2dcf78f"}
,"/home/rajesh/Desktop/Icp_hub/frontend/src/components/Governance/ProposalList.jsx": {"path":"/home/rajesh/Desktop/Icp_hub/frontend/src/components/Governance/ProposalList.jsx","statementMap":{"0":{"start":{"line":4,"column":18},"end":{"line":7,"column":1}},"1":{"start":{"line":10,"column":2},"end":{"line":26,"column":4}},"2":{"start":{"line":15,"column":10},"end":{"line":22,"column":15}},"3":{"start":{"line":21,"column":89},"end":{"line":21,"column":100}}},"fnMap":{"0":{"name":"ProposalList","decl":{"start":{"line":9,"column":24},"end":{"line":9,"column":36}},"loc":{"start":{"line":9,"column":51},"end":{"line":27,"column":1}},"line":9},"1":{"name":"(anonymous_1)","decl":{"start":{"line":14,"column":23},"end":{"line":14,"column":24}},"loc":{"start":{"line":15,"column":10},"end":{"line":22,"column":15}},"line":15},"2":{"name":"(anonymous_2)","decl":{"start":{"line":21,"column":83},"end":{"line":21,"column":84}},"loc":{"start":{"line":21,"column":89},"end":{"line":21,"column":100}},"line":21}},"branchMap":{"0":{"loc":{"start":{"line":18,"column":60},"end":{"line":18,"column":143}},"type":"cond-expr","locations":[{"start":{"line":18,"column":84},"end":{"line":18,"column":111}},{"start":{"line":18,"column":114},"end":{"line":18,"column":143}}],"line":18},"1":{"loc":{"start":{"line":21,"column":13},"end":{"line":21,"column":122}},"type":"binary-expr","locations":[{"start":{"line":21,"column":13},"end":{"line":21,"column":21}},{"start":{"line":21,"column":25},"end":{"line":21,"column":122}}],"line":21}},"s":{"0":3,"1":3,"2":6,"3":0},"f":{"0":3,"1":6,"2":0},"b":{"0":[3,3],"1":[6,4]},"_coverageSchema":"1a1c01bbd47fc00a2c39e90264f33305004495a9","hash":"ea993fad4d5eab6f360358c61bf7a416d6ef28f9"}
,"/home/rajesh/Desktop/Icp_hub/frontend/src/components/Revenue/RevenueDashboard.jsx": {"path":"/home/rajesh/Desktop/Icp_hub/frontend/src/components/Revenue/RevenueDashboard.jsx","statementMap":{"0":{"start":{"line":4,"column":20},"end":{"line":11,"column":1}},"1":{"start":{"line":14,"column":2},"end":{"line":29,"column":4}},"2":{"start":{"line":22,"column":10},"end":{"line":24,"column":15}}},"fnMap":{"0":{"name":"RevenueDashboard","decl":{"start":{"line":13,"column":24},"end":{"line":13,"column":40}},"loc":{"start":{"line":13,"column":43},"end":{"line":30,"column":1}},"line":13},"1":{"name":"(anonymous_1)","decl":{"start":{"line":21,"column":33},"end":{"line":21,"column":34}},"loc":{"start":{"line":22,"column":10},"end":{"line":24,"column":15}},"line":22}},"branchMap":{"0":{"loc":{"start":{"line":23,"column":53},"end":{"line":23,"column":111}},"type":"cond-expr","locations":[{"start":{"line":23,"column":75},"end":{"line":23,"column":91}},{"start":{"line":23,"column":94},"end":{"line":23,"column":111}}],"line":23}},"s":{"0":3,"1":3,"2":6},"f":{"0":3,"1":6},"b":{"0":[3,3]},"_coverageSchema":"1a1c01bbd47fc00a2c39e90264f33305004495a9","hash":"69c8ada5058cee1781d57dbfd7a3785990c33725"}
,"/home/rajesh/Desktop/Icp_hub/frontend/src/components/Revenue/RevenueHistory.jsx": {"path":"/home/rajesh/Desktop/Icp_hub/frontend/src/components/Revenue/RevenueHistory.jsx","statementMap":{"0":{"start":{"line":4,"column":22},"end":{"line":7,"column":1}},"1":{"start":{"line":10,"column":2},"end":{"line":21,"column":4}},"2":{"start":{"line":15,"column":10},"end":{"line":17,"column":15}}},"fnMap":{"0":{"name":"RevenueHistory","decl":{"start":{"line":9,"column":24},"end":{"line":9,"column":38}},"loc":{"start":{"line":9,"column":41},"end":{"line":22,"column":1}},"line":9},"1":{"name":"(anonymous_1)","decl":{"start":{"line":14,"column":27},"end":{"line":14,"column":28}},"loc":{"start":{"line":15,"column":10},"end":{"line":17,"column":15}},"line":15}},"branchMap":{"0":{"loc":{"start":{"line":16,"column":53},"end":{"line":16,"column":111}},"type":"cond-expr","locations":[{"start":{"line":16,"column":75},"end":{"line":16,"column":91}},{"start":{"line":16,"column":94},"end":{"line":16,"column":111}}],"line":16}},"s":{"0":3,"1":2,"2":4},"f":{"0":2,"1":4},"b":{"0":[2,2]},"_coverageSchema":"1a1c01bbd47fc00a2c39e90264f33305004495a9","hash":"c5d56e9886aed2ae641483ba645702bdd9829455"}
,"/home/rajesh/Desktop/Icp_hub/frontend/src/components/sections/CTA.jsx": {"path":"/home/rajesh/Desktop/Icp_hub/frontend/src/components/sections/CTA.jsx","statementMap":{"0":{"start":{"line":3,"column":12},"end":{"line":16,"column":1}},"1":{"start":{"line":4,"column":2},"end":{"line":15,"column":12}}},"fnMap":{"0":{"name":"(anonymous_0)","decl":{"start":{"line":3,"column":12},"end":{"line":3,"column":13}},"loc":{"start":{"line":4,"column":2},"end":{"line":15,"column":12}},"line":4}},"branchMap":{},"s":{"0":2,"1":2},"f":{"0":2},"b":{},"_coverageSchema":"1a1c01bbd47fc00a2c39e90264f33305004495a9","hash":"f6a3ed1d723677232fc1f2f8ec555a904c0550b7"}
,"/home/rajesh/Desktop/Icp_hub/frontend/src/components/sections/Features.jsx": {"path":"/home/rajesh/Desktop/Icp_hub/frontend/src/components/sections/Features.jsx","statementMap":{"0":{"start":{"line":4,"column":17},"end":{"line":11,"column":1}},"1":{"start":{"line":13,"column":17},"end":{"line":35,"column":1}},"2":{"start":{"line":14,"column":2},"end":{"line":34,"column":12}},"3":{"start":{"line":24,"column":10},"end":{"line":30,"column":16}}},"fnMap":{"0":{"name":"(anonymous_0)","decl":{"start":{"line":13,"column":17},"end":{"line":13,"column":18}},"loc":{"start":{"line":14,"column":2},"end":{"line":34,"column":12}},"line":14},"1":{"name":"(anonymous_1)","decl":{"start":{"line":23,"column":22},"end":{"line":23,"column":23}},"loc":{"start":{"line":24,"column":10},"end":{"line":30,"column":16}},"line":24}},"branchMap":{},"s":{"0":2,"1":2,"2":2,"3":12},"f":{"0":2,"1":12},"b":{},"_coverageSchema":"1a1c01bbd47fc00a2c39e90264f33305004495a9","hash":"7e7f6d2a74b1cd5a7c1b513aa6b06dbf16ef006b"}
,"/home/rajesh/Desktop/Icp_hub/frontend/src/components/sections/Hero.jsx": {"path":"/home/rajesh/Desktop/Icp_hub/frontend/src/components/sections/Hero.jsx","statementMap":{"0":{"start":{"line":4,"column":13},"end":{"line":66,"column":1}},"1":{"start":{"line":5,"column":2},"end":{"line":65,"column":3}},"2":{"start":{"line":36,"column":14},"end":{"line":39,"column":20}}},"fnMap":{"0":{"name":"(anonymous_0)","decl":{"start":{"line":4,"column":13},"end":{"line":4,"column":14}},"loc":{"start":{"line":4,"column":32},"end":{"line":66,"column":1}},"line":4},"1":{"name":"(anonymous_1)","decl":{"start":{"line":35,"column":124},"end":{"line":35,"column":125}},"loc":{"start":{"line":36,"column":14},"end":{"line":39,"column":20}},"line":36}},"branchMap":{},"s":{"0":2,"1":2,"2":6},"f":{"0":2,"1":6},"b":{},"_coverageSchema":"1a1c01bbd47fc00a2c39e90264f33305004495a9","hash":"16bc05be45a575fdcf6b18656798726ff3336186"}
,"/home/rajesh/Desktop/Icp_hub/frontend/src/components/sections/Showcase.jsx": {"path":"/home/rajesh/Desktop/Icp_hub/frontend/src/components/sections/Showcase.jsx","statementMap":{"0":{"start":{"line":4,"column":14},"end":{"line":8,"column":1}},"1":{"start":{"line":10,"column":17},"end":{"line":37,"column":1}},"2":{"start":{"line":11,"column":2},"end":{"line":36,"column":12}},"3":{"start":{"line":19,"column":10},"end":{"line":32,"column":16}}},"fnMap":{"0":{"name":"(anonymous_0)","decl":{"start":{"line":10,"column":17},"end":{"line":10,"column":18}},"loc":{"start":{"line":11,"column":2},"end":{"line":36,"column":12}},"line":11},"1":{"name":"(anonymous_1)","decl":{"start":{"line":18,"column":19},"end":{"line":18,"column":20}},"loc":{"start":{"line":19,"column":10},"end":{"line":32,"column":16}},"line":19}},"branchMap":{},"s":{"0":2,"1":2,"2":2,"3":6},"f":{"0":2,"1":6},"b":{},"_coverageSchema":"1a1c01bbd47fc00a2c39e90264f33305004495a9","hash":"b731a36e30a69a999f3352b33c78342b4cfc05b8"}
,"/home/rajesh/Desktop/Icp_hub/frontend/src/lib/demoStore.js": {"path":"/home/rajesh/Desktop/Icp_hub/frontend/src/lib/demoStore.js","statementMap":{"0":{"start":{"line":3,"column":12},"end":{"line":3,"column":23}},"1":{"start":{"line":6,"column":2},"end":{"line":11,"column":3}},"2":{"start":{"line":7,"column":16},"end":{"line":7,"column":41}},"3":{"start":{"line":8,"column":4},"end":{"line":8,"column":38}},"4":{"start":{"line":10,"column":4},"end":{"line":10,"column":14}},"5":{"start":{"line":15,"column":2},"end":{"line":19,"column":3}},"6":{"start":{"line":16,"column":4},"end":{"line":16,"column":52}},"7":{"start":{"line":23,"column":2},"end":{"line":23,"column":16}},"8":{"start":{"line":27,"column":2},"end":{"line":27,"column":12}},"9":{"start":{"line":31,"column":2},"end":{"line":31,"column":49}},"10":{"start":{"line":35,"column":14},"end":{"line":35,"column":38}},"11":{"start":{"line":36,"column":15},"end":{"line":44,"column":3}},"12":{"start":{"line":45,"column":15},"end":{"line":45,"column":21}},"13":{"start":{"line":46,"column":2},"end":{"line":46,"column":21}},"14":{"start":{"line":47,"column":2},"end":{"line":47,"column":14}},"15":{"start":{"line":48,"column":2},"end":{"line":48,"column":14}},"16":{"start":{"line":52,"column":15},"end":{"line":52,"column":48}},"17":{"start":{"line":52,"column":36},"end":{"line":52,"column":47}},"18":{"start":{"line":53,"column":2},"end":{"line":53,"column":14}},"19":{"start":{"line":57,"column":15},"end":{"line":57,"column":21}},"20":{"start":{"line":58,"column":2},"end":{"line":58,"column":35}},"21":{"start":{"line":58,"column":23},"end":{"line":58,"column":35}},"22":{"start":{"line":59,"column":17},"end":{"line":63,"column":26}},"23":{"start":{"line":63,"column":15},"end":{"line":63,"column":25}},"24":{"start":{"line":64,"column":2},"end":{"line":64,"column":16}}},"fnMap":{"0":{"name":"read","decl":{"start":{"line":5,"column":9},"end":{"line":5,"column":13}},"loc":{"start":{"line":5,"column":16},"end":{"line":12,"column":1}},"line":5},"1":{"name":"write","decl":{"start":{"line":14,"column":9},"end":{"line":14,"column":14}},"loc":{"start":{"line":14,"column":21},"end":{"line":20,"column":1}},"line":14},"2":{"name":"getRepos","decl":{"start":{"line":22,"column":16},"end":{"line":22,"column":24}},"loc":{"start":{"line":22,"column":27},"end":{"line":24,"column":1}},"line":22},"3":{"name":"clearRepos","decl":{"start":{"line":26,"column":16},"end":{"line":26,"column":26}},"loc":{"start":{"line":26,"column":29},"end":{"line":28,"column":1}},"line":26},"4":{"name":"uid","decl":{"start":{"line":30,"column":9},"end":{"line":30,"column":12}},"loc":{"start":{"line":30,"column":15},"end":{"line":32,"column":1}},"line":30},"5":{"name":"addRepo","decl":{"start":{"line":34,"column":16},"end":{"line":34,"column":23}},"loc":{"start":{"line":34,"column":33},"end":{"line":49,"column":1}},"line":34},"6":{"name":"removeRepo","decl":{"start":{"line":51,"column":16},"end":{"line":51,"column":26}},"loc":{"start":{"line":51,"column":31},"end":{"line":54,"column":1}},"line":51},"7":{"name":"(anonymous_7)","decl":{"start":{"line":52,"column":29},"end":{"line":52,"column":30}},"loc":{"start":{"line":52,"column":36},"end":{"line":52,"column":47}},"line":52},"8":{"name":"seedDemoRepos","decl":{"start":{"line":56,"column":16},"end":{"line":56,"column":29}},"loc":{"start":{"line":56,"column":32},"end":{"line":65,"column":1}},"line":56},"9":{"name":"(anonymous_9)","decl":{"start":{"line":63,"column":8},"end":{"line":63,"column":9}},"loc":{"start":{"line":63,"column":15},"end":{"line":63,"column":25}},"line":63}},"branchMap":{"0":{"loc":{"start":{"line":8,"column":11},"end":{"line":8,"column":37}},"type":"cond-expr","locations":[{"start":{"line":8,"column":17},"end":{"line":8,"column":32}},{"start":{"line":8,"column":35},"end":{"line":8,"column":37}}],"line":8},"1":{"loc":{"start":{"line":38,"column":10},"end":{"line":38,"column":37}},"type":"binary-expr","locations":[{"start":{"line":38,"column":10},"end":{"line":38,"column":23}},{"start":{"line":38,"column":27},"end":{"line":38,"column":37}}],"line":38},"2":{"loc":{"start":{"line":39,"column":10},"end":{"line":39,"column":29}},"type":"binary-expr","locations":[{"start":{"line":39,"column":10},"end":{"line":39,"column":23}},{"start":{"line":39,"column":27},"end":{"line":39,"column":29}}],"line":39},"3":{"loc":{"start":{"line":40,"column":11},"end":{"line":40,"column":61}},"type":"binary-expr","locations":[{"start":{"line":40,"column":11},"end":{"line":40,"column":25}},{"start":{"line":40,"column":29},"end":{"line":40,"column":61}}],"line":40},"4":{"loc":{"start":{"line":58,"column":2},"end":{"line":58,"column":35}},"type":"if","locations":[{"start":{"line":58,"column":2},"end":{"line":58,"column":35}},{"start":{},"end":{}}],"line":58}},"s":{"0":3,"1":1,"2":1,"3":1,"4":0,"5":0,"6":0,"7":1,"8":0,"9":0,"10":0,"11":0,"12":0,"13":0,"14":0,"15":0,"16":0,"17":0,"18":0,"19":0,"20":0,"21":0,"22":0,"23":0,"24":0},"f":{"0":1,"1":0,"2":1,"3":0,"4":0,"5":0,"6":0,"7":0,"8":0,"9":0},"b":{"0":[0,1],"1":[0,0],"2":[0,0],"3":[0,0],"4":[0,0]},"_coverageSchema":"1a1c01bbd47fc00a2c39e90264f33305004495a9","hash":"c57c8feb1b90d766dd5710a9d610803fa03706f3"}
,"/home/rajesh/Desktop/Icp_hub/frontend/src/pages/CreateRepositoryPage.jsx": {"path":"/home/rajesh/Desktop/Icp_hub/frontend/src/pages/CreateRepositoryPage.jsx","statementMap":{"0":{"start":{"line":3,"column":29},"end":{"line":10,"column":1}},"1":{"start":{"line":4,"column":2},"end":{"line":9,"column":4}}},"fnMap":{"0":{"name":"(anonymous_0)","decl":{"start":{"line":3,"column":29},"end":{"line":3,"column":30}},"loc":{"start":{"line":3,"column":35},"end":{"line":10,"column":1}},"line":3}},"branchMap":{},"s":{"0":1,"1":0},"f":{"0":0},"b":{},"_coverageSchema":"1a1c01bbd47fc00a2c39e90264f33305004495a9","hash":"58d015f66ccd327bd52039900aef3493461613aa"}
,"/home/rajesh/Desktop/Icp_hub/frontend/src/pages/GovernancePage.jsx": {"path":"/home/rajesh/Desktop/Icp_hub/frontend/src/pages/GovernancePage.jsx","statementMap":{"0":{"start":{"line":6,"column":50},"end":{"line":6,"column":64}},"1":{"start":{"line":7,"column":21},"end":{"line":10,"column":3}},"2":{"start":{"line":8,"column":4},"end":{"line":8,"column":32}},"3":{"start":{"line":9,"column":4},"end":{"line":9,"column":30}},"4":{"start":{"line":11,"column":2},"end":{"line":19,"column":4}},"5":{"start":{"line":16,"column":66},"end":{"line":16,"column":91}}},"fnMap":{"0":{"name":"GovernancePage","decl":{"start":{"line":5,"column":24},"end":{"line":5,"column":38}},"loc":{"start":{"line":5,"column":41},"end":{"line":20,"column":1}},"line":5},"1":{"name":"(anonymous_1)","decl":{"start":{"line":7,"column":21},"end":{"line":7,"column":22}},"loc":{"start":{"line":7,"column":31},"end":{"line":10,"column":3}},"line":7},"2":{"name":"(anonymous_2)","decl":{"start":{"line":16,"column":60},"end":{"line":16,"column":61}},"loc":{"start":{"line":16,"column":66},"end":{"line":16,"column":91}},"line":16}},"branchMap":{"0":{"loc":{"start":{"line":13,"column":7},"end":{"line":17,"column":7}},"type":"cond-expr","locations":[{"start":{"line":14,"column":8},"end":{"line":14,"column":55}},{"start":{"line":16,"column":8},"end":{"line":16,"column":115}}],"line":13}},"s":{"0":1,"1":1,"2":0,"3":0,"4":1,"5":0},"f":{"0":1,"1":0,"2":0},"b":{"0":[1,0]},"_coverageSchema":"1a1c01bbd47fc00a2c39e90264f33305004495a9","hash":"d59f298763169a312802e0094d885e3da0d1c45a"}
,"/home/rajesh/Desktop/Icp_hub/frontend/src/pages/HomePage.jsx": {"path":"/home/rajesh/Desktop/Icp_hub/frontend/src/pages/HomePage.jsx","statementMap":{"0":{"start":{"line":10,"column":17},"end":{"line":29,"column":1}},"1":{"start":{"line":11,"column":18},"end":{"line":11,"column":31}},"2":{"start":{"line":12,"column":19},"end":{"line":15,"column":2}},"3":{"start":{"line":13,"column":2},"end":{"line":13,"column":18}},"4":{"start":{"line":14,"column":2},"end":{"line":14,"column":28}},"5":{"start":{"line":16,"column":1},"end":{"line":28,"column":3}}},"fnMap":{"0":{"name":"(anonymous_0)","decl":{"start":{"line":10,"column":17},"end":{"line":10,"column":18}},"loc":{"start":{"line":10,"column":23},"end":{"line":29,"column":1}},"line":10},"1":{"name":"(anonymous_1)","decl":{"start":{"line":12,"column":19},"end":{"line":12,"column":20}},"loc":{"start":{"line":12,"column":25},"end":{"line":15,"column":2}},"line":12}},"branchMap":{},"s":{"0":2,"1":2,"2":2,"3":0,"4":0,"5":2},"f":{"0":2,"1":0},"b":{},"_coverageSchema":"1a1c01bbd47fc00a2c39e90264f33305004495a9","hash":"ad391413c05828d115ce29c3294c0c0630942f91"}
,"/home/rajesh/Desktop/Icp_hub/frontend/src/pages/NotificationsPage.jsx": {"path":"/home/rajesh/Desktop/Icp_hub/frontend/src/pages/NotificationsPage.jsx","statementMap":{"0":{"start":{"line":2,"column":26},"end":{"line":11,"column":1}},"1":{"start":{"line":3,"column":1},"end":{"line":10,"column":7}}},"fnMap":{"0":{"name":"(anonymous_0)","decl":{"start":{"line":2,"column":26},"end":{"line":2,"column":27}},"loc":{"start":{"line":3,"column":1},"end":{"line":10,"column":7}},"line":3}},"branchMap":{},"s":{"0":1,"1":0},"f":{"0":0},"b":{},"_coverageSchema":"1a1c01bbd47fc00a2c39e90264f33305004495a9","hash":"a8f5e094a1a044fc6a8966229b22ea256123cfa2"}
,"/home/rajesh/Desktop/Icp_hub/frontend/src/pages/ProfilePage.jsx": {"path":"/home/rajesh/Desktop/Icp_hub/frontend/src/pages/ProfilePage.jsx","statementMap":{"0":{"start":{"line":2,"column":20},"end":{"line":11,"column":1}},"1":{"start":{"line":3,"column":1},"end":{"line":10,"column":7}}},"fnMap":{"0":{"name":"(anonymous_0)","decl":{"start":{"line":2,"column":20},"end":{"line":2,"column":21}},"loc":{"start":{"line":3,"column":1},"end":{"line":10,"column":7}},"line":3}},"branchMap":{},"s":{"0":1,"1":0},"f":{"0":0},"b":{},"_coverageSchema":"1a1c01bbd47fc00a2c39e90264f33305004495a9","hash":"9aa9e1dfa52ccf29500810f4e9d2e02b2613d98f"}
,"/home/rajesh/Desktop/Icp_hub/frontend/src/pages/RepositoriesPage.jsx": {"path":"/home/rajesh/Desktop/Icp_hub/frontend/src/pages/RepositoriesPage.jsx","statementMap":{"0":{"start":{"line":4,"column":25},"end":{"line":81,"column":1}},"1":{"start":{"line":5,"column":27},"end":{"line":5,"column":39}},"2":{"start":{"line":6,"column":25},"end":{"line":6,"column":37}},"3":{"start":{"line":7,"column":25},"end":{"line":7,"column":37}},"4":{"start":{"line":9,"column":1},"end":{"line":11,"column":7}},"5":{"start":{"line":10,"column":2},"end":{"line":10,"column":22}},"6":{"start":{"line":13,"column":18},"end":{"line":20,"column":2}},"7":{"start":{"line":14,"column":2},"end":{"line":14,"column":20}},"8":{"start":{"line":15,"column":2},"end":{"line":15,"column":26}},"9":{"start":{"line":15,"column":20},"end":{"line":15,"column":26}},"10":{"start":{"line":16,"column":2},"end":{"line":16,"column":25}},"11":{"start":{"line":17,"column":2},"end":{"line":17,"column":22}},"12":{"start":{"line":18,"column":2},"end":{"line":18,"column":13}},"13":{"start":{"line":19,"column":2},"end":{"line":19,"column":13}},"14":{"start":{"line":22,"column":18},"end":{"line":25,"column":2}},"15":{"start":{"line":23,"column":2},"end":{"line":23,"column":16}},"16":{"start":{"line":24,"column":2},"end":{"line":24,"column":22}},"17":{"start":{"line":27,"column":1},"end":{"line":80,"column":2}},"18":{"start":{"line":36,"column":24},"end":{"line":36,"column":40}},"19":{"start":{"line":36,"column":41},"end":{"line":36,"column":61}},"20":{"start":{"line":43,"column":24},"end":{"line":43,"column":37}},"21":{"start":{"line":43,"column":38},"end":{"line":43,"column":58}},"22":{"start":{"line":52,"column":39},"end":{"line":52,"column":62}},"23":{"start":{"line":53,"column":39},"end":{"line":53,"column":62}},"24":{"start":{"line":64,"column":5},"end":{"line":76,"column":11}},"25":{"start":{"line":71,"column":28},"end":{"line":71,"column":42}}},"fnMap":{"0":{"name":"(anonymous_0)","decl":{"start":{"line":4,"column":25},"end":{"line":4,"column":26}},"loc":{"start":{"line":4,"column":31},"end":{"line":81,"column":1}},"line":4},"1":{"name":"(anonymous_1)","decl":{"start":{"line":9,"column":11},"end":{"line":9,"column":12}},"loc":{"start":{"line":9,"column":17},"end":{"line":11,"column":2}},"line":9},"2":{"name":"(anonymous_2)","decl":{"start":{"line":13,"column":18},"end":{"line":13,"column":19}},"loc":{"start":{"line":13,"column":25},"end":{"line":20,"column":2}},"line":13},"3":{"name":"(anonymous_3)","decl":{"start":{"line":22,"column":18},"end":{"line":22,"column":19}},"loc":{"start":{"line":22,"column":26},"end":{"line":25,"column":2}},"line":22},"4":{"name":"(anonymous_4)","decl":{"start":{"line":36,"column":16},"end":{"line":36,"column":17}},"loc":{"start":{"line":36,"column":22},"end":{"line":36,"column":63}},"line":36},"5":{"name":"(anonymous_5)","decl":{"start":{"line":43,"column":16},"end":{"line":43,"column":17}},"loc":{"start":{"line":43,"column":22},"end":{"line":43,"column":60}},"line":43},"6":{"name":"(anonymous_6)","decl":{"start":{"line":52,"column":34},"end":{"line":52,"column":35}},"loc":{"start":{"line":52,"column":39},"end":{"line":52,"column":62}},"line":52},"7":{"name":"(anonymous_7)","decl":{"start":{"line":53,"column":34},"end":{"line":53,"column":35}},"loc":{"start":{"line":53,"column":39},"end":{"line":53,"column":62}},"line":53},"8":{"name":"(anonymous_8)","decl":{"start":{"line":63,"column":15},"end":{"line":63,"column":16}},"loc":{"start":{"line":64,"column":5},"end":{"line":76,"column":11}},"line":64},"9":{"name":"(anonymous_9)","decl":{"start":{"line":71,"column":24},"end":{"line":71,"column":25}},"loc":{"start":{"line":71,"column":28},"end":{"line":71,"column":42}},"line":71}},"branchMap":{"0":{"loc":{"start":{"line":15,"column":2},"end":{"line":15,"column":26}},"type":"if","locations":[{"start":{"line":15,"column":2},"end":{"line":15,"column":26}},{"start":{},"end":{}}],"line":15},"1":{"loc":{"start":{"line":58,"column":5},"end":{"line":62,"column":5}},"type":"binary-expr","locations":[{"start":{"line":58,"column":5},"end":{"line":58,"column":23}},{"start":{"line":59,"column":5},"end":{"line":61,"column":11}}],"line":58},"2":{"loc":{"start":{"line":69,"column":9},"end":{"line":69,"column":82}},"type":"binary-expr","locations":[{"start":{"line":69,"column":9},"end":{"line":69,"column":15}},{"start":{"line":69,"column":19},"end":{"line":69,"column":82}}],"line":69},"3":{"loc":{"start":{"line":74,"column":132},"end":{"line":74,"column":158}},"type":"binary-expr","locations":[{"start":{"line":74,"column":132},"end":{"line":74,"column":143}},{"start":{"line":74,"column":147},"end":{"line":74,"column":158}}],"line":74}},"s":{"0":2,"1":2,"2":2,"3":2,"4":2,"5":1,"6":2,"7":0,"8":0,"9":0,"10":0,"11":0,"12":0,"13":0,"14":2,"15":0,"16":0,"17":2,"18":0,"19":0,"20":0,"21":0,"22":0,"23":0,"24":0,"25":0},"f":{"0":2,"1":1,"2":0,"3":0,"4":0,"5":0,"6":0,"7":0,"8":0,"9":0},"b":{"0":[0,0],"1":[2,2],"2":[0,0],"3":[0,0]},"_coverageSchema":"1a1c01bbd47fc00a2c39e90264f33305004495a9","hash":"11aa9ee9185082bee64116d4145aa9c691c2dd4c"}
,"/home/rajesh/Desktop/Icp_hub/frontend/src/pages/RepositoryDetailPage.jsx": {"path":"/home/rajesh/Desktop/Icp_hub/frontend/src/pages/RepositoryDetailPage.jsx","statementMap":{"0":{"start":{"line":2,"column":29},"end":{"line":2,"column":120}},"1":{"start":{"line":2,"column":35},"end":{"line":2,"column":120}}},"fnMap":{"0":{"name":"(anonymous_0)","decl":{"start":{"line":2,"column":29},"end":{"line":2,"column":30}},"loc":{"start":{"line":2,"column":35},"end":{"line":2,"column":120}},"line":2}},"branchMap":{},"s":{"0":1,"1":0},"f":{"0":0},"b":{},"_coverageSchema":"1a1c01bbd47fc00a2c39e90264f33305004495a9","hash":"e0f5c89857aecd3274e5c7aacae17d9e3990dcf7"}
,"/home/rajesh/Desktop/Icp_hub/frontend/src/pages/RevenuePage.jsx": {"path":"/home/rajesh/Desktop/Icp_hub/frontend/src/pages/RevenuePage.jsx","statementMap":{"0":{"start":{"line":6,"column":2},"end":{"line":13,"column":4}}},"fnMap":{"0":{"name":"RevenuePage","decl":{"start":{"line":5,"column":24},"end":{"line":5,"column":35}},"loc":{"start":{"line":5,"column":38},"end":{"line":14,"column":1}},"line":5}},"branchMap":{},"s":{"0":1},"f":{"0":1},"b":{},"_coverageSchema":"1a1c01bbd47fc00a2c39e90264f33305004495a9","hash":"dcf091861ce0b0fe29304feeb5f5b3a6712ca2be"}
,"/home/rajesh/Desktop/Icp_hub/frontend/src/pages/SearchPage.jsx": {"path":"/home/rajesh/Desktop/Icp_hub/frontend/src/pages/SearchPage.jsx","statementMap":{"0":{"start":{"line":3,"column":19},"end":{"line":12,"column":1}},"1":{"start":{"line":4,"column":2},"end":{"line":11,"column":8}}},"fnMap":{"0":{"name":"(anonymous_0)","decl":{"start":{"line":3,"column":19},"end":{"line":3,"column":20}},"loc":{"start":{"line":4,"column":2},"end":{"line":11,"column":8}},"line":4}},"branchMap":{},"s":{"0":1,"1":0},"f":{"0":0},"b":{},"_coverageSchema":"1a1c01bbd47fc00a2c39e90264f33305004495a9","hash":"d10aa950b632490f42663ae31b793912c3b8865a"}
,"/home/rajesh/Desktop/Icp_hub/frontend/src/services/auth.js": {"path":"/home/rajesh/Desktop/Icp_hub/frontend/src/services/auth.js","statementMap":{"0":{"start":{"line":6,"column":17},"end":{"line":6,"column":21}},"1":{"start":{"line":7,"column":22},"end":{"line":7,"column":27}},"2":{"start":{"line":8,"column":16},"end":{"line":8,"column":20}},"3":{"start":{"line":11,"column":20},"end":{"line":26,"column":1}},"4":{"start":{"line":12,"column":2},"end":{"line":12,"column":25}},"5":{"start":{"line":12,"column":18},"end":{"line":12,"column":25}},"6":{"start":{"line":14,"column":2},"end":{"line":18,"column":5}},"7":{"start":{"line":21,"column":2},"end":{"line":21,"column":55}},"8":{"start":{"line":22,"column":2},"end":{"line":25,"column":3}},"9":{"start":{"line":23,"column":21},"end":{"line":23,"column":45}},"10":{"start":{"line":24,"column":4},"end":{"line":24,"column":51}},"11":{"start":{"line":29,"column":21},"end":{"line":46,"column":1}},"12":{"start":{"line":30,"column":2},"end":{"line":45,"column":5}},"13":{"start":{"line":31,"column":4},"end":{"line":44,"column":7}},"14":{"start":{"line":34,"column":8},"end":{"line":34,"column":31}},"15":{"start":{"line":35,"column":25},"end":{"line":35,"column":49}},"16":{"start":{"line":36,"column":8},"end":{"line":36,"column":55}},"17":{"start":{"line":37,"column":8},"end":{"line":37,"column":45}},"18":{"start":{"line":38,"column":8},"end":{"line":38,"column":18}},"19":{"start":{"line":41,"column":8},"end":{"line":41,"column":46}},"20":{"start":{"line":42,"column":8},"end":{"line":42,"column":22}},"21":{"start":{"line":49,"column":22},"end":{"line":55,"column":1}},"22":{"start":{"line":50,"column":2},"end":{"line":54,"column":3}},"23":{"start":{"line":51,"column":4},"end":{"line":51,"column":30}},"24":{"start":{"line":52,"column":4},"end":{"line":52,"column":28}},"25":{"start":{"line":53,"column":4},"end":{"line":53,"column":21}},"26":{"start":{"line":58,"column":34},"end":{"line":58,"column":55}},"27":{"start":{"line":58,"column":40},"end":{"line":58,"column":55}},"28":{"start":{"line":61,"column":28},"end":{"line":61,"column":43}},"29":{"start":{"line":61,"column":34},"end":{"line":61,"column":43}},"30":{"start":{"line":64,"column":20},"end":{"line":70,"column":1}}},"fnMap":{"0":{"name":"(anonymous_0)","decl":{"start":{"line":11,"column":20},"end":{"line":11,"column":21}},"loc":{"start":{"line":11,"column":32},"end":{"line":26,"column":1}},"line":11},"1":{"name":"(anonymous_1)","decl":{"start":{"line":29,"column":21},"end":{"line":29,"column":22}},"loc":{"start":{"line":29,"column":33},"end":{"line":46,"column":1}},"line":29},"2":{"name":"(anonymous_2)","decl":{"start":{"line":30,"column":21},"end":{"line":30,"column":22}},"loc":{"start":{"line":30,"column":42},"end":{"line":45,"column":3}},"line":30},"3":{"name":"(anonymous_3)","decl":{"start":{"line":33,"column":17},"end":{"line":33,"column":18}},"loc":{"start":{"line":33,"column":29},"end":{"line":39,"column":7}},"line":33},"4":{"name":"(anonymous_4)","decl":{"start":{"line":40,"column":15},"end":{"line":40,"column":16}},"loc":{"start":{"line":40,"column":26},"end":{"line":43,"column":7}},"line":40},"5":{"name":"(anonymous_5)","decl":{"start":{"line":49,"column":22},"end":{"line":49,"column":23}},"loc":{"start":{"line":49,"column":34},"end":{"line":55,"column":1}},"line":49},"6":{"name":"(anonymous_6)","decl":{"start":{"line":58,"column":34},"end":{"line":58,"column":35}},"loc":{"start":{"line":58,"column":40},"end":{"line":58,"column":55}},"line":58},"7":{"name":"(anonymous_7)","decl":{"start":{"line":61,"column":28},"end":{"line":61,"column":29}},"loc":{"start":{"line":61,"column":34},"end":{"line":61,"column":43}},"line":61}},"branchMap":{"0":{"loc":{"start":{"line":12,"column":2},"end":{"line":12,"column":25}},"type":"if","locations":[{"start":{"line":12,"column":2},"end":{"line":12,"column":25}},{"start":{},"end":{}}],"line":12},"1":{"loc":{"start":{"line":22,"column":2},"end":{"line":25,"column":3}},"type":"if","locations":[{"start":{"line":22,"column":2},"end":{"line":25,"column":3}},{"start":{},"end":{}}],"line":22},"2":{"loc":{"start":{"line":50,"column":2},"end":{"line":54,"column":3}},"type":"if","locations":[{"start":{"line":50,"column":2},"end":{"line":54,"column":3}},{"start":{},"end":{}}],"line":50}},"s":{"0":4,"1":4,"2":4,"3":4,"4":0,"5":0,"6":0,"7":0,"8":0,"9":0,"10":0,"11":4,"12":0,"13":0,"14":0,"15":0,"16":0,"17":0,"18":0,"19":0,"20":0,"21":4,"22":0,"23":0,"24":0,"25":0,"26":4,"27":0,"28":4,"29":0,"30":4},"f":{"0":0,"1":0,"2":0,"3":0,"4":0,"5":0,"6":0,"7":0},"b":{"0":[0,0],"1":[0,0],"2":[0,0]},"_coverageSchema":"1a1c01bbd47fc00a2c39e90264f33305004495a9","hash":"c2541eeb8a51b3bb6d9f5d0192a8135b08ed2c66"}
,"/home/rajesh/Desktop/Icp_hub/frontend/src/services/governanceService.js": {"path":"/home/rajesh/Desktop/Icp_hub/frontend/src/services/governanceService.js","statementMap":{"0":{"start":{"line":3,"column":2},"end":{"line":6,"column":4}},"1":{"start":{"line":10,"column":2},"end":{"line":10,"column":27}},"2":{"start":{"line":14,"column":2},"end":{"line":14,"column":24}}},"fnMap":{"0":{"name":"fetchProposals","decl":{"start":{"line":2,"column":22},"end":{"line":2,"column":36}},"loc":{"start":{"line":2,"column":39},"end":{"line":7,"column":1}},"line":2},"1":{"name":"submitVote","decl":{"start":{"line":9,"column":22},"end":{"line":9,"column":32}},"loc":{"start":{"line":9,"column":43},"end":{"line":11,"column":1}},"line":9},"2":{"name":"claimPayout","decl":{"start":{"line":13,"column":22},"end":{"line":13,"column":33}},"loc":{"start":{"line":13,"column":36},"end":{"line":15,"column":1}},"line":13}},"branchMap":{},"s":{"0":0,"1":0,"2":0},"f":{"0":0,"1":0,"2":0},"b":{},"_coverageSchema":"1a1c01bbd47fc00a2c39e90264f33305004495a9","hash":"fd554ed2acee3f0b84bc649d43d0fc17868f711b"}
}
